<?xml version="1.0" encoding="UTF-8"?>
<testng-results ignored="2" total="3" passed="1" failed="0" skipped="0">
  <reporter-output>
  </reporter-output>
  <suite started-at="2023-04-13T21:11:40 IST" name="Default suite" finished-at="2023-04-13T21:11:56 IST" duration-ms="16250">
    <groups>
    </groups>
    <test started-at="2023-04-13T21:11:40 IST" name="Default test" finished-at="2023-04-13T21:11:56 IST" duration-ms="16250">
      <class name="tests.LoginTest">
        <test-method is-config="true" signature="beforeMethod()[pri:0, instance:tests.LoginTest@55cb6996]" started-at="2023-04-13T21:11:40 IST" name="beforeMethod" finished-at="2023-04-13T21:11:48 IST" duration-ms="8423" status="PASS">
          <reporter-output>
          </reporter-output>
        </test-method> <!-- beforeMethod -->
        <test-method signature="leaveManagment()[pri:0, instance:tests.LoginTest@55cb6996]" started-at="2023-04-13T21:11:48 IST" name="leaveManagment" finished-at="2023-04-13T21:11:54 IST" duration-ms="5354" status="PASS">
          <reporter-output>
          </reporter-output>
        </test-method> <!-- leaveManagment -->
        <test-method is-config="true" signature="afterMethod(org.testng.ITestResult)[pri:0, instance:tests.LoginTest@55cb6996]" started-at="2023-04-13T21:11:54 IST" name="afterMethod" finished-at="2023-04-13T21:11:56 IST" duration-ms="2355" status="PASS">
          <params>
            <param index="0">
              <value>
                <![CDATA[[TestResult name=leaveManagment status=SUCCESS method=LoginTest.leaveManagment()[pri:0, instance:tests.LoginTest@55cb6996] output={null}]]]>
              </value>
            </param>
          </params>
          <reporter-output>
          </reporter-output>
        </test-method> <!-- afterMethod -->
      </class> <!-- tests.LoginTest -->
    </test> <!-- Default test -->
  </suite> <!-- Default suite -->
</testng-results>
