<?xml version="1.0" encoding="UTF-8"?>
<!-- Generated by org.testng.reporters.JUnitXMLReporter -->
<testsuite ignored="2" hostname="LAPTOP-JMTQVUQ9" failures="0" tests="1" name="Default test" time="16.25" errors="0" timestamp="2023-04-13T21:11:56 IST">
  <testcase classname="tests.LoginTest" name="leaveManagment" time="5.354"/>
  <testcase classname="tests.LoginTest" name="userManagment" time="0.0">
    <ignored/>
  </testcase> <!-- userManagment -->
  <testcase classname="tests.LoginTest" name="loginHRM" time="0.0">
    <ignored/>
  </testcase> <!-- loginHRM -->
</testsuite> <!-- Default test -->
